   1               		.file	"bootloader.c"
   2               	__SP_H__ = 0x3e
   3               	__SP_L__ = 0x3d
   4               	__SREG__ = 0x3f
   5               	__tmp_reg__ = 0
   6               	__zero_reg__ = 1
   7               		.text
   8               	.Ltext0:
   9               		.cfi_sections	.debug_frame
  10               		.section	.text.bootloader_jump,"ax",@progbits
  11               	.global	bootloader_jump
  13               	bootloader_jump:
  14               	.LFB102:
  15               		.file 1 "../tmk_core/common/avr/bootloader.c"
   1:../tmk_core/common/avr/bootloader.c **** #include <stdint.h>
   2:../tmk_core/common/avr/bootloader.c **** #include <stdbool.h>
   3:../tmk_core/common/avr/bootloader.c **** #include <avr/io.h>
   4:../tmk_core/common/avr/bootloader.c **** #include <avr/interrupt.h>
   5:../tmk_core/common/avr/bootloader.c **** #include <avr/wdt.h>
   6:../tmk_core/common/avr/bootloader.c **** #include <util/delay.h>
   7:../tmk_core/common/avr/bootloader.c **** #include "bootloader.h"
   8:../tmk_core/common/avr/bootloader.c **** 
   9:../tmk_core/common/avr/bootloader.c **** #ifdef PROTOCOL_LUFA
  10:../tmk_core/common/avr/bootloader.c **** #include <LUFA/Drivers/USB/USB.h>
  11:../tmk_core/common/avr/bootloader.c **** #endif
  12:../tmk_core/common/avr/bootloader.c **** 
  13:../tmk_core/common/avr/bootloader.c **** 
  14:../tmk_core/common/avr/bootloader.c **** /* Bootloader Size in *bytes*
  15:../tmk_core/common/avr/bootloader.c ****  *
  16:../tmk_core/common/avr/bootloader.c ****  * AVR Boot section size are defined by setting BOOTSZ fuse in fact. Consult with your MCU datashee
  17:../tmk_core/common/avr/bootloader.c ****  * Note that 'Word'(2 bytes) size and address are used in datasheet while TMK uses 'Byte'.
  18:../tmk_core/common/avr/bootloader.c ****  *
  19:../tmk_core/common/avr/bootloader.c ****  *
  20:../tmk_core/common/avr/bootloader.c ****  * Size of Bootloaders in bytes:
  21:../tmk_core/common/avr/bootloader.c ****  *   Atmel DFU loader(ATmega32U4)   4096
  22:../tmk_core/common/avr/bootloader.c ****  *   Atmel DFU loader(AT90USB128)   8192
  23:../tmk_core/common/avr/bootloader.c ****  *   LUFA bootloader(ATmega32U4)    4096
  24:../tmk_core/common/avr/bootloader.c ****  *   Arduino Caterina(ATmega32U4)   4096
  25:../tmk_core/common/avr/bootloader.c ****  *   USBaspLoader(ATmega***)        2048
  26:../tmk_core/common/avr/bootloader.c ****  *   Teensy   halfKay(ATmega32U4)   512
  27:../tmk_core/common/avr/bootloader.c ****  *   Teensy++ halfKay(AT90USB128)   1024
  28:../tmk_core/common/avr/bootloader.c ****  *
  29:../tmk_core/common/avr/bootloader.c ****  *
  30:../tmk_core/common/avr/bootloader.c ****  * AVR Boot section is located at the end of Flash memory like the followings.
  31:../tmk_core/common/avr/bootloader.c ****  *
  32:../tmk_core/common/avr/bootloader.c ****  *
  33:../tmk_core/common/avr/bootloader.c ****  * byte     Atmel/LUFA(ATMega32u4)          byte     Atmel(AT90SUB128)
  34:../tmk_core/common/avr/bootloader.c ****  * 0x0000   +---------------+               0x00000  +---------------+
  35:../tmk_core/common/avr/bootloader.c ****  *          |               |                        |               |
  36:../tmk_core/common/avr/bootloader.c ****  *          |               |                        |               |
  37:../tmk_core/common/avr/bootloader.c ****  *          |  Application  |                        |  Application  |
  38:../tmk_core/common/avr/bootloader.c ****  *          |               |                        |               |
  39:../tmk_core/common/avr/bootloader.c ****  *          =               =                        =               =
  40:../tmk_core/common/avr/bootloader.c ****  *          |               | 32KB-4KB               |               | 128KB-8KB
  41:../tmk_core/common/avr/bootloader.c ****  * 0x6000   +---------------+               0x1FC00  +---------------+
  42:../tmk_core/common/avr/bootloader.c ****  *          |  Bootloader   | 4KB                    |  Bootloader   | 8KB
  43:../tmk_core/common/avr/bootloader.c ****  * 0x7FFF   +---------------+               0x1FFFF  +---------------+
  44:../tmk_core/common/avr/bootloader.c ****  *
  45:../tmk_core/common/avr/bootloader.c ****  *
  46:../tmk_core/common/avr/bootloader.c ****  * byte     Teensy(ATMega32u4)              byte     Teensy++(AT90SUB128)
  47:../tmk_core/common/avr/bootloader.c ****  * 0x0000   +---------------+               0x00000  +---------------+
  48:../tmk_core/common/avr/bootloader.c ****  *          |               |                        |               |
  49:../tmk_core/common/avr/bootloader.c ****  *          |               |                        |               |
  50:../tmk_core/common/avr/bootloader.c ****  *          |  Application  |                        |  Application  |
  51:../tmk_core/common/avr/bootloader.c ****  *          |               |                        |               |
  52:../tmk_core/common/avr/bootloader.c ****  *          =               =                        =               =
  53:../tmk_core/common/avr/bootloader.c ****  *          |               | 32KB-512B              |               | 128KB-1KB
  54:../tmk_core/common/avr/bootloader.c ****  * 0x7E00   +---------------+               0x1FC00  +---------------+
  55:../tmk_core/common/avr/bootloader.c ****  *          |  Bootloader   | 512B                   |  Bootloader   | 1KB
  56:../tmk_core/common/avr/bootloader.c ****  * 0x7FFF   +---------------+               0x1FFFF  +---------------+
  57:../tmk_core/common/avr/bootloader.c ****  */
  58:../tmk_core/common/avr/bootloader.c **** #ifndef BOOTLOADER_SIZE
  59:../tmk_core/common/avr/bootloader.c **** #warning To use bootloader_jump() you need to define BOOTLOADER_SIZE in config.h.
  60:../tmk_core/common/avr/bootloader.c **** #define BOOTLOADER_SIZE     4096
  61:../tmk_core/common/avr/bootloader.c **** #endif
  62:../tmk_core/common/avr/bootloader.c **** 
  63:../tmk_core/common/avr/bootloader.c **** #define FLASH_SIZE          (FLASHEND + 1L)
  64:../tmk_core/common/avr/bootloader.c **** #define BOOTLOADER_START    (FLASH_SIZE - BOOTLOADER_SIZE)
  65:../tmk_core/common/avr/bootloader.c **** 
  66:../tmk_core/common/avr/bootloader.c **** 
  67:../tmk_core/common/avr/bootloader.c **** /* 
  68:../tmk_core/common/avr/bootloader.c ****  * Entering the Bootloader via Software 
  69:../tmk_core/common/avr/bootloader.c ****  * http://www.fourwalledcubicle.com/files/LUFA/Doc/120730/html/_page__software_bootloader_start.htm
  70:../tmk_core/common/avr/bootloader.c ****  */
  71:../tmk_core/common/avr/bootloader.c **** #define BOOTLOADER_RESET_KEY 0xB007B007
  72:../tmk_core/common/avr/bootloader.c **** uint32_t reset_key  __attribute__ ((section (".noinit")));
  73:../tmk_core/common/avr/bootloader.c **** 
  74:../tmk_core/common/avr/bootloader.c **** /* initialize MCU status by watchdog reset */
  75:../tmk_core/common/avr/bootloader.c **** void bootloader_jump(void) {
  16               		.loc 1 75 0
  17               		.cfi_startproc
  18               	/* prologue: function */
  19               	/* frame size = 0 */
  20               	/* stack size = 0 */
  21               	.L__stack_usage = 0
  76:../tmk_core/common/avr/bootloader.c **** #ifdef PROTOCOL_LUFA
  77:../tmk_core/common/avr/bootloader.c ****     USB_Disable();
  22               		.loc 1 77 0
  23 0000 0E94 0000 		call USB_Disable
  24               	.LVL0:
  78:../tmk_core/common/avr/bootloader.c ****     cli();
  25               		.loc 1 78 0
  26               	/* #APP */
  27               	 ;  78 "../tmk_core/common/avr/bootloader.c" 1
  28 0004 F894      		cli
  29               	 ;  0 "" 2
  30               	.LVL1:
  31               	/* #NOAPP */
  32               	.LBB9:
  33               	.LBB10:
  34               		.file 2 "/usr/lib/avr/include/util/delay.h"
   1:/usr/lib/avr/include/util/delay.h **** /* Copyright (c) 2002, Marek Michalkiewicz
   2:/usr/lib/avr/include/util/delay.h ****    Copyright (c) 2004,2005,2007 Joerg Wunsch
   3:/usr/lib/avr/include/util/delay.h ****    Copyright (c) 2007  Florin-Viorel Petrov
   4:/usr/lib/avr/include/util/delay.h ****    All rights reserved.
   5:/usr/lib/avr/include/util/delay.h **** 
   6:/usr/lib/avr/include/util/delay.h ****    Redistribution and use in source and binary forms, with or without
   7:/usr/lib/avr/include/util/delay.h ****    modification, are permitted provided that the following conditions are met:
   8:/usr/lib/avr/include/util/delay.h **** 
   9:/usr/lib/avr/include/util/delay.h ****    * Redistributions of source code must retain the above copyright
  10:/usr/lib/avr/include/util/delay.h ****      notice, this list of conditions and the following disclaimer.
  11:/usr/lib/avr/include/util/delay.h **** 
  12:/usr/lib/avr/include/util/delay.h ****    * Redistributions in binary form must reproduce the above copyright
  13:/usr/lib/avr/include/util/delay.h ****      notice, this list of conditions and the following disclaimer in
  14:/usr/lib/avr/include/util/delay.h ****      the documentation and/or other materials provided with the
  15:/usr/lib/avr/include/util/delay.h ****      distribution.
  16:/usr/lib/avr/include/util/delay.h **** 
  17:/usr/lib/avr/include/util/delay.h ****    * Neither the name of the copyright holders nor the names of
  18:/usr/lib/avr/include/util/delay.h ****      contributors may be used to endorse or promote products derived
  19:/usr/lib/avr/include/util/delay.h ****      from this software without specific prior written permission.
  20:/usr/lib/avr/include/util/delay.h **** 
  21:/usr/lib/avr/include/util/delay.h ****   THIS SOFTWARE IS PROVIDED BY THE COPYRIGHT HOLDERS AND CONTRIBUTORS "AS IS"
  22:/usr/lib/avr/include/util/delay.h ****   AND ANY EXPRESS OR IMPLIED WARRANTIES, INCLUDING, BUT NOT LIMITED TO, THE
  23:/usr/lib/avr/include/util/delay.h ****   IMPLIED WARRANTIES OF MERCHANTABILITY AND FITNESS FOR A PARTICULAR PURPOSE
  24:/usr/lib/avr/include/util/delay.h ****   ARE DISCLAIMED. IN NO EVENT SHALL THE COPYRIGHT OWNER OR CONTRIBUTORS BE
  25:/usr/lib/avr/include/util/delay.h ****   LIABLE FOR ANY DIRECT, INDIRECT, INCIDENTAL, SPECIAL, EXEMPLARY, OR
  26:/usr/lib/avr/include/util/delay.h ****   CONSEQUENTIAL DAMAGES (INCLUDING, BUT NOT LIMITED TO, PROCUREMENT OF
  27:/usr/lib/avr/include/util/delay.h ****   SUBSTITUTE GOODS OR SERVICES; LOSS OF USE, DATA, OR PROFITS; OR BUSINESS
  28:/usr/lib/avr/include/util/delay.h ****   INTERRUPTION) HOWEVER CAUSED AND ON ANY THEORY OF LIABILITY, WHETHER IN
  29:/usr/lib/avr/include/util/delay.h ****   CONTRACT, STRICT LIABILITY, OR TORT (INCLUDING NEGLIGENCE OR OTHERWISE)
  30:/usr/lib/avr/include/util/delay.h ****   ARISING IN ANY WAY OUT OF THE USE OF THIS SOFTWARE, EVEN IF ADVISED OF THE
  31:/usr/lib/avr/include/util/delay.h ****   POSSIBILITY OF SUCH DAMAGE. */
  32:/usr/lib/avr/include/util/delay.h **** 
  33:/usr/lib/avr/include/util/delay.h **** /* $Id$ */
  34:/usr/lib/avr/include/util/delay.h **** 
  35:/usr/lib/avr/include/util/delay.h **** #ifndef _UTIL_DELAY_H_
  36:/usr/lib/avr/include/util/delay.h **** #define _UTIL_DELAY_H_ 1
  37:/usr/lib/avr/include/util/delay.h **** 
  38:/usr/lib/avr/include/util/delay.h **** #ifndef __HAS_DELAY_CYCLES
  39:/usr/lib/avr/include/util/delay.h **** #define __HAS_DELAY_CYCLES 1
  40:/usr/lib/avr/include/util/delay.h **** #endif
  41:/usr/lib/avr/include/util/delay.h **** 
  42:/usr/lib/avr/include/util/delay.h **** #include <inttypes.h>
  43:/usr/lib/avr/include/util/delay.h **** #include <util/delay_basic.h>
  44:/usr/lib/avr/include/util/delay.h **** #include <math.h>
  45:/usr/lib/avr/include/util/delay.h **** 
  46:/usr/lib/avr/include/util/delay.h **** /** \file */
  47:/usr/lib/avr/include/util/delay.h **** /** \defgroup util_delay <util/delay.h>: Convenience functions for busy-wait delay loops
  48:/usr/lib/avr/include/util/delay.h ****     \code
  49:/usr/lib/avr/include/util/delay.h ****     #define F_CPU 1000000UL  // 1 MHz
  50:/usr/lib/avr/include/util/delay.h ****     //#define F_CPU 14.7456E6
  51:/usr/lib/avr/include/util/delay.h ****     #include <util/delay.h>
  52:/usr/lib/avr/include/util/delay.h ****     \endcode
  53:/usr/lib/avr/include/util/delay.h **** 
  54:/usr/lib/avr/include/util/delay.h ****     \note As an alternative method, it is possible to pass the
  55:/usr/lib/avr/include/util/delay.h ****     F_CPU macro down to the compiler from the Makefile.
  56:/usr/lib/avr/include/util/delay.h ****     Obviously, in that case, no \c \#define statement should be
  57:/usr/lib/avr/include/util/delay.h ****     used.
  58:/usr/lib/avr/include/util/delay.h **** 
  59:/usr/lib/avr/include/util/delay.h ****     The functions in this header file are wrappers around the basic
  60:/usr/lib/avr/include/util/delay.h ****     busy-wait functions from <util/delay_basic.h>.  They are meant as
  61:/usr/lib/avr/include/util/delay.h ****     convenience functions where actual time values can be specified
  62:/usr/lib/avr/include/util/delay.h ****     rather than a number of cycles to wait for.  The idea behind is
  63:/usr/lib/avr/include/util/delay.h ****     that compile-time constant expressions will be eliminated by
  64:/usr/lib/avr/include/util/delay.h ****     compiler optimization so floating-point expressions can be used
  65:/usr/lib/avr/include/util/delay.h ****     to calculate the number of delay cycles needed based on the CPU
  66:/usr/lib/avr/include/util/delay.h ****     frequency passed by the macro F_CPU.
  67:/usr/lib/avr/include/util/delay.h **** 
  68:/usr/lib/avr/include/util/delay.h ****     \note In order for these functions to work as intended, compiler
  69:/usr/lib/avr/include/util/delay.h ****     optimizations <em>must</em> be enabled, and the delay time
  70:/usr/lib/avr/include/util/delay.h ****     <em>must</em> be an expression that is a known constant at
  71:/usr/lib/avr/include/util/delay.h ****     compile-time.  If these requirements are not met, the resulting
  72:/usr/lib/avr/include/util/delay.h ****     delay will be much longer (and basically unpredictable), and
  73:/usr/lib/avr/include/util/delay.h ****     applications that otherwise do not use floating-point calculations
  74:/usr/lib/avr/include/util/delay.h ****     will experience severe code bloat by the floating-point library
  75:/usr/lib/avr/include/util/delay.h ****     routines linked into the application.
  76:/usr/lib/avr/include/util/delay.h **** 
  77:/usr/lib/avr/include/util/delay.h ****     The functions available allow the specification of microsecond, and
  78:/usr/lib/avr/include/util/delay.h ****     millisecond delays directly, using the application-supplied macro
  79:/usr/lib/avr/include/util/delay.h ****     F_CPU as the CPU clock frequency (in Hertz).
  80:/usr/lib/avr/include/util/delay.h **** 
  81:/usr/lib/avr/include/util/delay.h **** */
  82:/usr/lib/avr/include/util/delay.h **** 
  83:/usr/lib/avr/include/util/delay.h **** #if !defined(__DOXYGEN__)
  84:/usr/lib/avr/include/util/delay.h **** static inline void _delay_us(double __us) __attribute__((always_inline));
  85:/usr/lib/avr/include/util/delay.h **** static inline void _delay_ms(double __ms) __attribute__((always_inline));
  86:/usr/lib/avr/include/util/delay.h **** #endif
  87:/usr/lib/avr/include/util/delay.h **** 
  88:/usr/lib/avr/include/util/delay.h **** #ifndef F_CPU
  89:/usr/lib/avr/include/util/delay.h **** /* prevent compiler error by supplying a default */
  90:/usr/lib/avr/include/util/delay.h **** # warning "F_CPU not defined for <util/delay.h>"
  91:/usr/lib/avr/include/util/delay.h **** # define F_CPU 1000000UL
  92:/usr/lib/avr/include/util/delay.h **** #endif
  93:/usr/lib/avr/include/util/delay.h **** 
  94:/usr/lib/avr/include/util/delay.h **** #ifndef __OPTIMIZE__
  95:/usr/lib/avr/include/util/delay.h **** # warning "Compiler optimizations disabled; functions from <util/delay.h> won't work as designed"
  96:/usr/lib/avr/include/util/delay.h **** #endif
  97:/usr/lib/avr/include/util/delay.h **** 
  98:/usr/lib/avr/include/util/delay.h **** #if __HAS_DELAY_CYCLES && defined(__OPTIMIZE__) && \
  99:/usr/lib/avr/include/util/delay.h ****   !defined(__DELAY_BACKWARD_COMPATIBLE__) &&	   \
 100:/usr/lib/avr/include/util/delay.h ****   __STDC_HOSTED__
 101:/usr/lib/avr/include/util/delay.h **** #  include <math.h>
 102:/usr/lib/avr/include/util/delay.h **** #endif
 103:/usr/lib/avr/include/util/delay.h **** 
 104:/usr/lib/avr/include/util/delay.h **** /**
 105:/usr/lib/avr/include/util/delay.h ****    \ingroup util_delay
 106:/usr/lib/avr/include/util/delay.h **** 
 107:/usr/lib/avr/include/util/delay.h ****    Perform a delay of \c __ms milliseconds, using _delay_loop_2().
 108:/usr/lib/avr/include/util/delay.h **** 
 109:/usr/lib/avr/include/util/delay.h ****    The macro F_CPU is supposed to be defined to a
 110:/usr/lib/avr/include/util/delay.h ****    constant defining the CPU clock frequency (in Hertz).
 111:/usr/lib/avr/include/util/delay.h **** 
 112:/usr/lib/avr/include/util/delay.h ****    The maximal possible delay is 262.14 ms / F_CPU in MHz.
 113:/usr/lib/avr/include/util/delay.h **** 
 114:/usr/lib/avr/include/util/delay.h ****    When the user request delay which exceed the maximum possible one,
 115:/usr/lib/avr/include/util/delay.h ****    _delay_ms() provides a decreased resolution functionality. In this
 116:/usr/lib/avr/include/util/delay.h ****    mode _delay_ms() will work with a resolution of 1/10 ms, providing
 117:/usr/lib/avr/include/util/delay.h ****    delays up to 6.5535 seconds (independent from CPU frequency).  The
 118:/usr/lib/avr/include/util/delay.h ****    user will not be informed about decreased resolution.
 119:/usr/lib/avr/include/util/delay.h **** 
 120:/usr/lib/avr/include/util/delay.h ****    If the avr-gcc toolchain has __builtin_avr_delay_cycles(unsigned long)
 121:/usr/lib/avr/include/util/delay.h ****    support, maximal possible delay is 4294967.295 ms/ F_CPU in MHz. For
 122:/usr/lib/avr/include/util/delay.h ****    values greater than the maximal possible delay, overflows results in
 123:/usr/lib/avr/include/util/delay.h ****    no delay i.e., 0ms.
 124:/usr/lib/avr/include/util/delay.h **** 
 125:/usr/lib/avr/include/util/delay.h ****    Conversion of __us into clock cycles may not always result in integer.
 126:/usr/lib/avr/include/util/delay.h ****    By default, the clock cycles rounded up to next integer. This ensures that
 127:/usr/lib/avr/include/util/delay.h ****    the user gets atleast __us microseconds of delay.
 128:/usr/lib/avr/include/util/delay.h **** 
 129:/usr/lib/avr/include/util/delay.h ****    Alternatively, user can define __DELAY_ROUND_DOWN__ and __DELAY_ROUND_CLOSEST__
 130:/usr/lib/avr/include/util/delay.h ****    to round down and round to closest integer.
 131:/usr/lib/avr/include/util/delay.h **** 
 132:/usr/lib/avr/include/util/delay.h ****    Note: The new implementation of _delay_ms(double __ms) with 
 133:/usr/lib/avr/include/util/delay.h ****     __builtin_avr_delay_cycles(unsigned long) support is not backward compatible. 
 134:/usr/lib/avr/include/util/delay.h ****    User can define __DELAY_BACKWARD_COMPATIBLE__ to get a backward compatible delay.
 135:/usr/lib/avr/include/util/delay.h ****    Also, the backward compatible
 136:/usr/lib/avr/include/util/delay.h ****    algorithm will be chosen if the code is compiled in a <em>freestanding
 137:/usr/lib/avr/include/util/delay.h ****    environment</em> (GCC option \c -ffreestanding), as the math functions
 138:/usr/lib/avr/include/util/delay.h ****    required for rounding are not available to the compiler then.
 139:/usr/lib/avr/include/util/delay.h **** 
 140:/usr/lib/avr/include/util/delay.h ****  */
 141:/usr/lib/avr/include/util/delay.h **** void
 142:/usr/lib/avr/include/util/delay.h **** _delay_ms(double __ms)
 143:/usr/lib/avr/include/util/delay.h **** {
 144:/usr/lib/avr/include/util/delay.h **** 	double __tmp ; 
 145:/usr/lib/avr/include/util/delay.h **** #if __HAS_DELAY_CYCLES && defined(__OPTIMIZE__) && \
 146:/usr/lib/avr/include/util/delay.h ****   !defined(__DELAY_BACKWARD_COMPATIBLE__) &&	   \
 147:/usr/lib/avr/include/util/delay.h ****   __STDC_HOSTED__
 148:/usr/lib/avr/include/util/delay.h **** 	uint32_t __ticks_dc;
 149:/usr/lib/avr/include/util/delay.h **** 	extern void __builtin_avr_delay_cycles(unsigned long);
 150:/usr/lib/avr/include/util/delay.h **** 	__tmp = ((F_CPU) / 1e3) * __ms;
 151:/usr/lib/avr/include/util/delay.h **** 
 152:/usr/lib/avr/include/util/delay.h **** 	#if defined(__DELAY_ROUND_DOWN__)
 153:/usr/lib/avr/include/util/delay.h **** 		__ticks_dc = (uint32_t)fabs(__tmp);
 154:/usr/lib/avr/include/util/delay.h **** 
 155:/usr/lib/avr/include/util/delay.h **** 	#elif defined(__DELAY_ROUND_CLOSEST__)
 156:/usr/lib/avr/include/util/delay.h **** 		__ticks_dc = (uint32_t)(fabs(__tmp)+0.5);
 157:/usr/lib/avr/include/util/delay.h **** 
 158:/usr/lib/avr/include/util/delay.h **** 	#else
 159:/usr/lib/avr/include/util/delay.h **** 		//round up by default
 160:/usr/lib/avr/include/util/delay.h **** 		__ticks_dc = (uint32_t)(ceil(fabs(__tmp)));
 161:/usr/lib/avr/include/util/delay.h **** 	#endif
 162:/usr/lib/avr/include/util/delay.h **** 
 163:/usr/lib/avr/include/util/delay.h **** 	__builtin_avr_delay_cycles(__ticks_dc);
  35               		.loc 2 163 0
  36 0006 2FEF      		ldi r18,lo8(6399999)
  37 0008 87EA      		ldi r24,hi8(6399999)
  38 000a 91E6      		ldi r25,hlo8(6399999)
  39 000c 2150      	1:	subi r18,1
  40 000e 8040      		sbci r24,0
  41 0010 9040      		sbci r25,0
  42 0012 01F4      		brne 1b
  43 0014 00C0      		rjmp .
  44 0016 0000      		nop
  45               	.LBE10:
  46               	.LBE9:
  79:../tmk_core/common/avr/bootloader.c ****     _delay_ms(2000);
  80:../tmk_core/common/avr/bootloader.c **** #endif
  81:../tmk_core/common/avr/bootloader.c **** 
  82:../tmk_core/common/avr/bootloader.c **** #ifdef PROTOCOL_PJRC
  83:../tmk_core/common/avr/bootloader.c ****     cli();
  84:../tmk_core/common/avr/bootloader.c ****     UDCON = 1;
  85:../tmk_core/common/avr/bootloader.c ****     USBCON = (1<<FRZCLK);
  86:../tmk_core/common/avr/bootloader.c ****     UCSR1B = 0;
  87:../tmk_core/common/avr/bootloader.c ****     _delay_ms(5);
  88:../tmk_core/common/avr/bootloader.c **** #endif
  89:../tmk_core/common/avr/bootloader.c **** 
  90:../tmk_core/common/avr/bootloader.c ****     // watchdog reset
  91:../tmk_core/common/avr/bootloader.c ****     reset_key = BOOTLOADER_RESET_KEY;
  47               		.loc 1 91 0
  48 0018 87E0      		ldi r24,lo8(7)
  49 001a 90EB      		ldi r25,lo8(-80)
  50 001c DC01      		movw r26,r24
  51 001e 8093 0000 		sts reset_key,r24
  52 0022 9093 0000 		sts reset_key+1,r25
  53 0026 A093 0000 		sts reset_key+2,r26
  54 002a B093 0000 		sts reset_key+3,r27
  55               	.LVL2:
  56               	.LBB11:
  57               	.LBB12:
  58               		.file 3 "/usr/lib/avr/include/avr/wdt.h"
   1:/usr/lib/avr/include/avr/wdt.h **** /* Copyright (c) 2002, 2004 Marek Michalkiewicz
   2:/usr/lib/avr/include/avr/wdt.h ****    Copyright (c) 2005, 2006, 2007 Eric B. Weddington
   3:/usr/lib/avr/include/avr/wdt.h ****    All rights reserved.
   4:/usr/lib/avr/include/avr/wdt.h **** 
   5:/usr/lib/avr/include/avr/wdt.h ****    Redistribution and use in source and binary forms, with or without
   6:/usr/lib/avr/include/avr/wdt.h ****    modification, are permitted provided that the following conditions are met:
   7:/usr/lib/avr/include/avr/wdt.h **** 
   8:/usr/lib/avr/include/avr/wdt.h ****    * Redistributions of source code must retain the above copyright
   9:/usr/lib/avr/include/avr/wdt.h ****      notice, this list of conditions and the following disclaimer.
  10:/usr/lib/avr/include/avr/wdt.h **** 
  11:/usr/lib/avr/include/avr/wdt.h ****    * Redistributions in binary form must reproduce the above copyright
  12:/usr/lib/avr/include/avr/wdt.h ****      notice, this list of conditions and the following disclaimer in
  13:/usr/lib/avr/include/avr/wdt.h ****      the documentation and/or other materials provided with the
  14:/usr/lib/avr/include/avr/wdt.h ****      distribution.
  15:/usr/lib/avr/include/avr/wdt.h **** 
  16:/usr/lib/avr/include/avr/wdt.h ****    * Neither the name of the copyright holders nor the names of
  17:/usr/lib/avr/include/avr/wdt.h ****      contributors may be used to endorse or promote products derived
  18:/usr/lib/avr/include/avr/wdt.h ****      from this software without specific prior written permission.
  19:/usr/lib/avr/include/avr/wdt.h **** 
  20:/usr/lib/avr/include/avr/wdt.h ****   THIS SOFTWARE IS PROVIDED BY THE COPYRIGHT HOLDERS AND CONTRIBUTORS "AS IS"
  21:/usr/lib/avr/include/avr/wdt.h ****   AND ANY EXPRESS OR IMPLIED WARRANTIES, INCLUDING, BUT NOT LIMITED TO, THE
  22:/usr/lib/avr/include/avr/wdt.h ****   IMPLIED WARRANTIES OF MERCHANTABILITY AND FITNESS FOR A PARTICULAR PURPOSE
  23:/usr/lib/avr/include/avr/wdt.h ****   ARE DISCLAIMED. IN NO EVENT SHALL THE COPYRIGHT OWNER OR CONTRIBUTORS BE
  24:/usr/lib/avr/include/avr/wdt.h ****   LIABLE FOR ANY DIRECT, INDIRECT, INCIDENTAL, SPECIAL, EXEMPLARY, OR
  25:/usr/lib/avr/include/avr/wdt.h ****   CONSEQUENTIAL DAMAGES (INCLUDING, BUT NOT LIMITED TO, PROCUREMENT OF
  26:/usr/lib/avr/include/avr/wdt.h ****   SUBSTITUTE GOODS OR SERVICES; LOSS OF USE, DATA, OR PROFITS; OR BUSINESS
  27:/usr/lib/avr/include/avr/wdt.h ****   INTERRUPTION) HOWEVER CAUSED AND ON ANY THEORY OF LIABILITY, WHETHER IN
  28:/usr/lib/avr/include/avr/wdt.h ****   CONTRACT, STRICT LIABILITY, OR TORT (INCLUDING NEGLIGENCE OR OTHERWISE)
  29:/usr/lib/avr/include/avr/wdt.h ****   ARISING IN ANY WAY OUT OF THE USE OF THIS SOFTWARE, EVEN IF ADVISED OF THE
  30:/usr/lib/avr/include/avr/wdt.h ****   POSSIBILITY OF SUCH DAMAGE. */
  31:/usr/lib/avr/include/avr/wdt.h **** 
  32:/usr/lib/avr/include/avr/wdt.h **** /* $Id$ */
  33:/usr/lib/avr/include/avr/wdt.h **** 
  34:/usr/lib/avr/include/avr/wdt.h **** /*
  35:/usr/lib/avr/include/avr/wdt.h ****    avr/wdt.h - macros for AVR watchdog timer
  36:/usr/lib/avr/include/avr/wdt.h ****  */
  37:/usr/lib/avr/include/avr/wdt.h **** 
  38:/usr/lib/avr/include/avr/wdt.h **** #ifndef _AVR_WDT_H_
  39:/usr/lib/avr/include/avr/wdt.h **** #define _AVR_WDT_H_
  40:/usr/lib/avr/include/avr/wdt.h **** 
  41:/usr/lib/avr/include/avr/wdt.h **** #include <avr/io.h>
  42:/usr/lib/avr/include/avr/wdt.h **** #include <stdint.h>
  43:/usr/lib/avr/include/avr/wdt.h **** 
  44:/usr/lib/avr/include/avr/wdt.h **** /** \file */
  45:/usr/lib/avr/include/avr/wdt.h **** /** \defgroup avr_watchdog <avr/wdt.h>: Watchdog timer handling
  46:/usr/lib/avr/include/avr/wdt.h ****     \code #include <avr/wdt.h> \endcode
  47:/usr/lib/avr/include/avr/wdt.h **** 
  48:/usr/lib/avr/include/avr/wdt.h ****     This header file declares the interface to some inline macros
  49:/usr/lib/avr/include/avr/wdt.h ****     handling the watchdog timer present in many AVR devices.  In order
  50:/usr/lib/avr/include/avr/wdt.h ****     to prevent the watchdog timer configuration from being
  51:/usr/lib/avr/include/avr/wdt.h ****     accidentally altered by a crashing application, a special timed
  52:/usr/lib/avr/include/avr/wdt.h ****     sequence is required in order to change it.  The macros within
  53:/usr/lib/avr/include/avr/wdt.h ****     this header file handle the required sequence automatically
  54:/usr/lib/avr/include/avr/wdt.h ****     before changing any value.  Interrupts will be disabled during
  55:/usr/lib/avr/include/avr/wdt.h ****     the manipulation.
  56:/usr/lib/avr/include/avr/wdt.h **** 
  57:/usr/lib/avr/include/avr/wdt.h ****     \note Depending on the fuse configuration of the particular
  58:/usr/lib/avr/include/avr/wdt.h ****     device, further restrictions might apply, in particular it might
  59:/usr/lib/avr/include/avr/wdt.h ****     be disallowed to turn off the watchdog timer.
  60:/usr/lib/avr/include/avr/wdt.h **** 
  61:/usr/lib/avr/include/avr/wdt.h ****     Note that for newer devices (ATmega88 and newer, effectively any
  62:/usr/lib/avr/include/avr/wdt.h ****     AVR that has the option to also generate interrupts), the watchdog
  63:/usr/lib/avr/include/avr/wdt.h ****     timer remains active even after a system reset (except a power-on
  64:/usr/lib/avr/include/avr/wdt.h ****     condition), using the fastest prescaler value (approximately 15
  65:/usr/lib/avr/include/avr/wdt.h ****     ms).  It is therefore required to turn off the watchdog early
  66:/usr/lib/avr/include/avr/wdt.h ****     during program startup, the datasheet recommends a sequence like
  67:/usr/lib/avr/include/avr/wdt.h ****     the following:
  68:/usr/lib/avr/include/avr/wdt.h **** 
  69:/usr/lib/avr/include/avr/wdt.h ****     \code
  70:/usr/lib/avr/include/avr/wdt.h ****     #include <stdint.h>
  71:/usr/lib/avr/include/avr/wdt.h ****     #include <avr/wdt.h>
  72:/usr/lib/avr/include/avr/wdt.h **** 
  73:/usr/lib/avr/include/avr/wdt.h ****     uint8_t mcusr_mirror __attribute__ ((section (".noinit")));
  74:/usr/lib/avr/include/avr/wdt.h **** 
  75:/usr/lib/avr/include/avr/wdt.h ****     void get_mcusr(void) \
  76:/usr/lib/avr/include/avr/wdt.h ****       __attribute__((naked)) \
  77:/usr/lib/avr/include/avr/wdt.h ****       __attribute__((section(".init3")));
  78:/usr/lib/avr/include/avr/wdt.h ****     void get_mcusr(void)
  79:/usr/lib/avr/include/avr/wdt.h ****     {
  80:/usr/lib/avr/include/avr/wdt.h ****       mcusr_mirror = MCUSR;
  81:/usr/lib/avr/include/avr/wdt.h ****       MCUSR = 0;
  82:/usr/lib/avr/include/avr/wdt.h ****       wdt_disable();
  83:/usr/lib/avr/include/avr/wdt.h ****     }
  84:/usr/lib/avr/include/avr/wdt.h ****     \endcode
  85:/usr/lib/avr/include/avr/wdt.h **** 
  86:/usr/lib/avr/include/avr/wdt.h ****     Saving the value of MCUSR in \c mcusr_mirror is only needed if the
  87:/usr/lib/avr/include/avr/wdt.h ****     application later wants to examine the reset source, but in particular, 
  88:/usr/lib/avr/include/avr/wdt.h ****     clearing the watchdog reset flag before disabling the
  89:/usr/lib/avr/include/avr/wdt.h ****     watchdog is required, according to the datasheet.
  90:/usr/lib/avr/include/avr/wdt.h **** */
  91:/usr/lib/avr/include/avr/wdt.h **** 
  92:/usr/lib/avr/include/avr/wdt.h **** /**
  93:/usr/lib/avr/include/avr/wdt.h ****    \ingroup avr_watchdog
  94:/usr/lib/avr/include/avr/wdt.h ****    Reset the watchdog timer.  When the watchdog timer is enabled,
  95:/usr/lib/avr/include/avr/wdt.h ****    a call to this instruction is required before the timer expires,
  96:/usr/lib/avr/include/avr/wdt.h ****    otherwise a watchdog-initiated device reset will occur. 
  97:/usr/lib/avr/include/avr/wdt.h **** */
  98:/usr/lib/avr/include/avr/wdt.h **** 
  99:/usr/lib/avr/include/avr/wdt.h **** #define wdt_reset() __asm__ __volatile__ ("wdr")
 100:/usr/lib/avr/include/avr/wdt.h **** 
 101:/usr/lib/avr/include/avr/wdt.h **** 
 102:/usr/lib/avr/include/avr/wdt.h **** #if defined(WDP3)
 103:/usr/lib/avr/include/avr/wdt.h **** # define _WD_PS3_MASK       _BV(WDP3)
 104:/usr/lib/avr/include/avr/wdt.h **** #else
 105:/usr/lib/avr/include/avr/wdt.h **** # define _WD_PS3_MASK       0x00
 106:/usr/lib/avr/include/avr/wdt.h **** #endif
 107:/usr/lib/avr/include/avr/wdt.h **** 
 108:/usr/lib/avr/include/avr/wdt.h **** #if defined(WDTCSR)
 109:/usr/lib/avr/include/avr/wdt.h **** #  define _WD_CONTROL_REG     WDTCSR
 110:/usr/lib/avr/include/avr/wdt.h **** #elif defined(WDTCR)
 111:/usr/lib/avr/include/avr/wdt.h **** #  define _WD_CONTROL_REG     WDTCR
 112:/usr/lib/avr/include/avr/wdt.h **** #else
 113:/usr/lib/avr/include/avr/wdt.h **** #  define _WD_CONTROL_REG     WDT
 114:/usr/lib/avr/include/avr/wdt.h **** #endif
 115:/usr/lib/avr/include/avr/wdt.h **** 
 116:/usr/lib/avr/include/avr/wdt.h **** #if defined(WDTOE)
 117:/usr/lib/avr/include/avr/wdt.h **** #define _WD_CHANGE_BIT      WDTOE
 118:/usr/lib/avr/include/avr/wdt.h **** #else
 119:/usr/lib/avr/include/avr/wdt.h **** #define _WD_CHANGE_BIT      WDCE
 120:/usr/lib/avr/include/avr/wdt.h **** #endif
 121:/usr/lib/avr/include/avr/wdt.h **** 
 122:/usr/lib/avr/include/avr/wdt.h **** 
 123:/usr/lib/avr/include/avr/wdt.h **** /**
 124:/usr/lib/avr/include/avr/wdt.h ****    \ingroup avr_watchdog
 125:/usr/lib/avr/include/avr/wdt.h ****    Enable the watchdog timer, configuring it for expiry after
 126:/usr/lib/avr/include/avr/wdt.h ****    \c timeout (which is a combination of the \c WDP0 through
 127:/usr/lib/avr/include/avr/wdt.h ****    \c WDP2 bits to write into the \c WDTCR register; For those devices 
 128:/usr/lib/avr/include/avr/wdt.h ****    that have a \c WDTCSR register, it uses the combination of the \c WDP0 
 129:/usr/lib/avr/include/avr/wdt.h ****    through \c WDP3 bits).
 130:/usr/lib/avr/include/avr/wdt.h **** 
 131:/usr/lib/avr/include/avr/wdt.h ****    See also the symbolic constants \c WDTO_15MS et al.
 132:/usr/lib/avr/include/avr/wdt.h **** */
 133:/usr/lib/avr/include/avr/wdt.h **** 
 134:/usr/lib/avr/include/avr/wdt.h **** 
 135:/usr/lib/avr/include/avr/wdt.h **** #if defined(__AVR_XMEGA__)
 136:/usr/lib/avr/include/avr/wdt.h **** 
 137:/usr/lib/avr/include/avr/wdt.h **** /*
 138:/usr/lib/avr/include/avr/wdt.h ****    wdt_enable(timeout) for xmega devices
 139:/usr/lib/avr/include/avr/wdt.h **** ** write signature (CCP_IOREG_gc) that enables change of protected I/O
 140:/usr/lib/avr/include/avr/wdt.h ****    registers to the CCP register
 141:/usr/lib/avr/include/avr/wdt.h **** ** At the same time,
 142:/usr/lib/avr/include/avr/wdt.h ****    1) set WDT change enable (WDT_CEN_bm)
 143:/usr/lib/avr/include/avr/wdt.h ****    2) enable WDT (WDT_ENABLE_bm)
 144:/usr/lib/avr/include/avr/wdt.h ****    3) set timeout (timeout)
 145:/usr/lib/avr/include/avr/wdt.h **** ** Synchronization starts when ENABLE bit of WDT is set. So, wait till it
 146:/usr/lib/avr/include/avr/wdt.h ****    finishes (SYNCBUSY of STATUS register is automatically cleared after the
 147:/usr/lib/avr/include/avr/wdt.h ****    sync is finished).
 148:/usr/lib/avr/include/avr/wdt.h **** */
 149:/usr/lib/avr/include/avr/wdt.h **** #define wdt_enable(timeout) \
 150:/usr/lib/avr/include/avr/wdt.h **** do { \
 151:/usr/lib/avr/include/avr/wdt.h **** uint8_t temp; \
 152:/usr/lib/avr/include/avr/wdt.h **** __asm__ __volatile__ (         \
 153:/usr/lib/avr/include/avr/wdt.h ****     "in __tmp_reg__, %[rampd]"              "\n\t" \
 154:/usr/lib/avr/include/avr/wdt.h ****     "out %[rampd], __zero_reg__"            "\n\t" \
 155:/usr/lib/avr/include/avr/wdt.h ****     "out %[ccp_reg], %[ioreg_cen_mask]"     "\n\t" \
 156:/usr/lib/avr/include/avr/wdt.h ****     "sts %[wdt_reg], %[wdt_enable_timeout]" "\n\t" \
 157:/usr/lib/avr/include/avr/wdt.h ****     "1:lds %[tmp], %[wdt_status_reg]"       "\n\t" \
 158:/usr/lib/avr/include/avr/wdt.h ****     "sbrc %[tmp], %[wdt_syncbusy_bit]"      "\n\t" \
 159:/usr/lib/avr/include/avr/wdt.h ****     "rjmp 1b"                               "\n\t" \
 160:/usr/lib/avr/include/avr/wdt.h ****     "out %[rampd], __tmp_reg__"             "\n\t" \
 161:/usr/lib/avr/include/avr/wdt.h ****     : [tmp]                "=r" (temp) \
 162:/usr/lib/avr/include/avr/wdt.h ****     : [rampd]              "I" (_SFR_IO_ADDR(RAMPD)),      \
 163:/usr/lib/avr/include/avr/wdt.h ****       [ccp_reg]            "I" (_SFR_IO_ADDR(CCP)),        \
 164:/usr/lib/avr/include/avr/wdt.h ****       [ioreg_cen_mask]     "r" ((uint8_t)CCP_IOREG_gc),     \
 165:/usr/lib/avr/include/avr/wdt.h ****       [wdt_reg]            "n" (_SFR_MEM_ADDR(WDT_CTRL)),   \
 166:/usr/lib/avr/include/avr/wdt.h ****       [wdt_enable_timeout] "r" ((uint8_t)(WDT_CEN_bm | WDT_ENABLE_bm | timeout)), \
 167:/usr/lib/avr/include/avr/wdt.h ****       [wdt_status_reg]     "n" (_SFR_MEM_ADDR(WDT_STATUS)), \
 168:/usr/lib/avr/include/avr/wdt.h ****       [wdt_syncbusy_bit]   "I" (WDT_SYNCBUSY_bm)            \
 169:/usr/lib/avr/include/avr/wdt.h ****     : "r0" \
 170:/usr/lib/avr/include/avr/wdt.h **** ); \
 171:/usr/lib/avr/include/avr/wdt.h **** } while(0)
 172:/usr/lib/avr/include/avr/wdt.h **** 
 173:/usr/lib/avr/include/avr/wdt.h **** #define wdt_disable() \
 174:/usr/lib/avr/include/avr/wdt.h **** __asm__ __volatile__ (  \
 175:/usr/lib/avr/include/avr/wdt.h ****     "in __tmp_reg__, %[rampd]"          "\n\t" \
 176:/usr/lib/avr/include/avr/wdt.h ****     "out %[rampd], __zero_reg__"        "\n\t" \
 177:/usr/lib/avr/include/avr/wdt.h ****     "out %[ccp_reg], %[ioreg_cen_mask]" "\n\t" \
 178:/usr/lib/avr/include/avr/wdt.h ****     "sts %[wdt_reg], %[disable_mask]"   "\n\t" \
 179:/usr/lib/avr/include/avr/wdt.h ****     "out %[rampd], __tmp_reg__"         "\n\t" \
 180:/usr/lib/avr/include/avr/wdt.h ****     : \
 181:/usr/lib/avr/include/avr/wdt.h ****     : [rampd]             "I" (_SFR_IO_ADDR(RAMPD)),    \
 182:/usr/lib/avr/include/avr/wdt.h ****       [ccp_reg]           "I" (_SFR_IO_ADDR(CCP)),      \
 183:/usr/lib/avr/include/avr/wdt.h ****       [ioreg_cen_mask]    "r" ((uint8_t)CCP_IOREG_gc),   \
 184:/usr/lib/avr/include/avr/wdt.h ****       [wdt_reg]           "n" (_SFR_MEM_ADDR(WDT_CTRL)), \
 185:/usr/lib/avr/include/avr/wdt.h ****       [disable_mask]      "r" ((uint8_t)((~WDT_ENABLE_bm) | WDT_CEN_bm)) \
 186:/usr/lib/avr/include/avr/wdt.h ****     : "r0" \
 187:/usr/lib/avr/include/avr/wdt.h **** );
 188:/usr/lib/avr/include/avr/wdt.h **** 
 189:/usr/lib/avr/include/avr/wdt.h **** #elif defined(__AVR_TINY__)
 190:/usr/lib/avr/include/avr/wdt.h **** 
 191:/usr/lib/avr/include/avr/wdt.h **** #define wdt_enable(value) \
 192:/usr/lib/avr/include/avr/wdt.h **** __asm__ __volatile__ ( \
 193:/usr/lib/avr/include/avr/wdt.h ****     "in __tmp_reg__,__SREG__" "\n\t"  \
 194:/usr/lib/avr/include/avr/wdt.h ****     "cli" "\n\t"  \
 195:/usr/lib/avr/include/avr/wdt.h ****     "wdr" "\n\t"  \
 196:/usr/lib/avr/include/avr/wdt.h ****     "out %[CCPADDRESS],%[SIGNATURE]" "\n\t"  \
 197:/usr/lib/avr/include/avr/wdt.h ****     "out %[WDTREG],%[WDVALUE]" "\n\t"  \
 198:/usr/lib/avr/include/avr/wdt.h ****     "out __SREG__,__tmp_reg__" "\n\t"  \
 199:/usr/lib/avr/include/avr/wdt.h ****     : /* no outputs */  \
 200:/usr/lib/avr/include/avr/wdt.h ****     : [CCPADDRESS] "I" (_SFR_IO_ADDR(CCP)),  \
 201:/usr/lib/avr/include/avr/wdt.h ****       [SIGNATURE] "r" ((uint8_t)0xD8), \
 202:/usr/lib/avr/include/avr/wdt.h ****       [WDTREG] "I" (_SFR_IO_ADDR(_WD_CONTROL_REG)), \
 203:/usr/lib/avr/include/avr/wdt.h ****       [WDVALUE] "r" ((uint8_t)((value & 0x08 ? _WD_PS3_MASK : 0x00) \
 204:/usr/lib/avr/include/avr/wdt.h ****       | _BV(WDE) | (value & 0x07) )) \
 205:/usr/lib/avr/include/avr/wdt.h ****     : "r16" \
 206:/usr/lib/avr/include/avr/wdt.h **** )
 207:/usr/lib/avr/include/avr/wdt.h **** 
 208:/usr/lib/avr/include/avr/wdt.h **** #define wdt_disable() \
 209:/usr/lib/avr/include/avr/wdt.h **** do { \
 210:/usr/lib/avr/include/avr/wdt.h **** uint8_t temp_wd; \
 211:/usr/lib/avr/include/avr/wdt.h **** __asm__ __volatile__ ( \
 212:/usr/lib/avr/include/avr/wdt.h ****     "in __tmp_reg__,__SREG__" "\n\t"  \
 213:/usr/lib/avr/include/avr/wdt.h ****     "cli" "\n\t"  \
 214:/usr/lib/avr/include/avr/wdt.h ****     "wdr" "\n\t"  \
 215:/usr/lib/avr/include/avr/wdt.h ****     "out %[CCPADDRESS],%[SIGNATURE]" "\n\t"  \
 216:/usr/lib/avr/include/avr/wdt.h ****     "in  %[TEMP_WD],%[WDTREG]" "\n\t" \
 217:/usr/lib/avr/include/avr/wdt.h ****     "cbr %[TEMP_WD],%[WDVALUE]" "\n\t" \
 218:/usr/lib/avr/include/avr/wdt.h ****     "out %[WDTREG],%[TEMP_WD]" "\n\t" \
 219:/usr/lib/avr/include/avr/wdt.h ****     "out __SREG__,__tmp_reg__" "\n\t" \
 220:/usr/lib/avr/include/avr/wdt.h ****     : /*no output */ \
 221:/usr/lib/avr/include/avr/wdt.h ****     : [CCPADDRESS] "I" (_SFR_IO_ADDR(CCP)), \
 222:/usr/lib/avr/include/avr/wdt.h ****       [SIGNATURE] "r" ((uint8_t)0xD8), \
 223:/usr/lib/avr/include/avr/wdt.h ****       [WDTREG] "I" (_SFR_IO_ADDR(_WD_CONTROL_REG)), \
 224:/usr/lib/avr/include/avr/wdt.h ****       [TEMP_WD] "d" (temp_wd), \
 225:/usr/lib/avr/include/avr/wdt.h ****       [WDVALUE] "n" (1 << WDE) \
 226:/usr/lib/avr/include/avr/wdt.h ****     : "r16" \
 227:/usr/lib/avr/include/avr/wdt.h **** ); \
 228:/usr/lib/avr/include/avr/wdt.h **** }while(0)
 229:/usr/lib/avr/include/avr/wdt.h **** 
 230:/usr/lib/avr/include/avr/wdt.h **** #elif defined(CCP)
 231:/usr/lib/avr/include/avr/wdt.h **** 
 232:/usr/lib/avr/include/avr/wdt.h **** static __inline__
 233:/usr/lib/avr/include/avr/wdt.h **** __attribute__ ((__always_inline__))
 234:/usr/lib/avr/include/avr/wdt.h **** void wdt_enable (const uint8_t value)
 235:/usr/lib/avr/include/avr/wdt.h **** {
 236:/usr/lib/avr/include/avr/wdt.h **** 	if (!_SFR_IO_REG_P (CCP) && !_SFR_IO_REG_P (_WD_CONTROL_REG))
 237:/usr/lib/avr/include/avr/wdt.h **** 	{
 238:/usr/lib/avr/include/avr/wdt.h **** 		__asm__ __volatile__ (
 239:/usr/lib/avr/include/avr/wdt.h **** 			"in __tmp_reg__,__SREG__" "\n\t"
 240:/usr/lib/avr/include/avr/wdt.h **** 			"cli" "\n\t"
 241:/usr/lib/avr/include/avr/wdt.h **** 			"wdr" "\n\t"
 242:/usr/lib/avr/include/avr/wdt.h **** 			"sts %[CCPADDRESS],%[SIGNATURE]" "\n\t"
 243:/usr/lib/avr/include/avr/wdt.h **** 			"sts %[WDTREG],%[WDVALUE]" "\n\t"
 244:/usr/lib/avr/include/avr/wdt.h **** 			"out __SREG__,__tmp_reg__" "\n\t"
 245:/usr/lib/avr/include/avr/wdt.h **** 			: /* no outputs */
 246:/usr/lib/avr/include/avr/wdt.h **** 			: [CCPADDRESS] "n" (_SFR_MEM_ADDR(CCP)),
 247:/usr/lib/avr/include/avr/wdt.h **** 			[SIGNATURE] "r" ((uint8_t)0xD8),
 248:/usr/lib/avr/include/avr/wdt.h **** 			[WDTREG] "n" (_SFR_MEM_ADDR(_WD_CONTROL_REG)),
 249:/usr/lib/avr/include/avr/wdt.h **** 			[WDVALUE] "r" ((uint8_t)((value & 0x08 ? _WD_PS3_MASK : 0x00)
 250:/usr/lib/avr/include/avr/wdt.h **** 				| _BV(WDE) | (value & 0x07) ))
 251:/usr/lib/avr/include/avr/wdt.h **** 			: "r0"
 252:/usr/lib/avr/include/avr/wdt.h **** 			);
 253:/usr/lib/avr/include/avr/wdt.h **** 	}
 254:/usr/lib/avr/include/avr/wdt.h **** 	else if (!_SFR_IO_REG_P (CCP) && _SFR_IO_REG_P (_WD_CONTROL_REG))
 255:/usr/lib/avr/include/avr/wdt.h **** 	{
 256:/usr/lib/avr/include/avr/wdt.h **** 		__asm__ __volatile__ (
 257:/usr/lib/avr/include/avr/wdt.h **** 			"in __tmp_reg__,__SREG__" "\n\t"
 258:/usr/lib/avr/include/avr/wdt.h **** 			"cli" "\n\t"
 259:/usr/lib/avr/include/avr/wdt.h **** 			"wdr" "\n\t"
 260:/usr/lib/avr/include/avr/wdt.h **** 			"sts %[CCPADDRESS],%[SIGNATURE]" "\n\t"
 261:/usr/lib/avr/include/avr/wdt.h **** 			"out %[WDTREG],%[WDVALUE]" "\n\t"
 262:/usr/lib/avr/include/avr/wdt.h **** 			"out __SREG__,__tmp_reg__" "\n\t"
 263:/usr/lib/avr/include/avr/wdt.h **** 			: /* no outputs */
 264:/usr/lib/avr/include/avr/wdt.h **** 			: [CCPADDRESS] "n" (_SFR_MEM_ADDR(CCP)),
 265:/usr/lib/avr/include/avr/wdt.h **** 			[SIGNATURE] "r" ((uint8_t)0xD8),
 266:/usr/lib/avr/include/avr/wdt.h **** 			[WDTREG] "I" (_SFR_IO_ADDR(_WD_CONTROL_REG)),
 267:/usr/lib/avr/include/avr/wdt.h **** 			[WDVALUE] "r" ((uint8_t)((value & 0x08 ? _WD_PS3_MASK : 0x00)
 268:/usr/lib/avr/include/avr/wdt.h **** 				| _BV(WDE) | (value & 0x07) ))
 269:/usr/lib/avr/include/avr/wdt.h **** 			: "r0"
 270:/usr/lib/avr/include/avr/wdt.h **** 			);
 271:/usr/lib/avr/include/avr/wdt.h **** 	}
 272:/usr/lib/avr/include/avr/wdt.h **** 	else if (_SFR_IO_REG_P (CCP) && !_SFR_IO_REG_P (_WD_CONTROL_REG))
 273:/usr/lib/avr/include/avr/wdt.h **** 	{
 274:/usr/lib/avr/include/avr/wdt.h **** 		__asm__ __volatile__ (
 275:/usr/lib/avr/include/avr/wdt.h **** 			"in __tmp_reg__,__SREG__" "\n\t"
 276:/usr/lib/avr/include/avr/wdt.h **** 			"cli" "\n\t"
 277:/usr/lib/avr/include/avr/wdt.h **** 			"wdr" "\n\t"
 278:/usr/lib/avr/include/avr/wdt.h **** 			"out %[CCPADDRESS],%[SIGNATURE]" "\n\t"
 279:/usr/lib/avr/include/avr/wdt.h **** 			"sts %[WDTREG],%[WDVALUE]" "\n\t"
 280:/usr/lib/avr/include/avr/wdt.h **** 			"out __SREG__,__tmp_reg__" "\n\t"
 281:/usr/lib/avr/include/avr/wdt.h **** 			: /* no outputs */
 282:/usr/lib/avr/include/avr/wdt.h **** 			: [CCPADDRESS] "I" (_SFR_IO_ADDR(CCP)),
 283:/usr/lib/avr/include/avr/wdt.h **** 			[SIGNATURE] "r" ((uint8_t)0xD8),
 284:/usr/lib/avr/include/avr/wdt.h **** 			[WDTREG] "n" (_SFR_MEM_ADDR(_WD_CONTROL_REG)),
 285:/usr/lib/avr/include/avr/wdt.h **** 			[WDVALUE] "r" ((uint8_t)((value & 0x08 ? _WD_PS3_MASK : 0x00)
 286:/usr/lib/avr/include/avr/wdt.h **** 				| _BV(WDE) | (value & 0x07) ))
 287:/usr/lib/avr/include/avr/wdt.h **** 			: "r0"
 288:/usr/lib/avr/include/avr/wdt.h **** 			);
 289:/usr/lib/avr/include/avr/wdt.h **** 	}
 290:/usr/lib/avr/include/avr/wdt.h **** 	else
 291:/usr/lib/avr/include/avr/wdt.h ****  	{
 292:/usr/lib/avr/include/avr/wdt.h **** 		__asm__ __volatile__ (
 293:/usr/lib/avr/include/avr/wdt.h **** 			"in __tmp_reg__,__SREG__" "\n\t"
 294:/usr/lib/avr/include/avr/wdt.h **** 			"cli" "\n\t"
 295:/usr/lib/avr/include/avr/wdt.h **** 			"wdr" "\n\t"
 296:/usr/lib/avr/include/avr/wdt.h **** 			"out %[CCPADDRESS],%[SIGNATURE]" "\n\t"
 297:/usr/lib/avr/include/avr/wdt.h **** 			"out %[WDTREG],%[WDVALUE]" "\n\t"
 298:/usr/lib/avr/include/avr/wdt.h **** 			"out __SREG__,__tmp_reg__" "\n\t"
 299:/usr/lib/avr/include/avr/wdt.h **** 			: /* no outputs */
 300:/usr/lib/avr/include/avr/wdt.h **** 			: [CCPADDRESS] "I" (_SFR_IO_ADDR(CCP)),
 301:/usr/lib/avr/include/avr/wdt.h **** 			[SIGNATURE] "r" ((uint8_t)0xD8),
 302:/usr/lib/avr/include/avr/wdt.h **** 			[WDTREG] "I" (_SFR_IO_ADDR(_WD_CONTROL_REG)),
 303:/usr/lib/avr/include/avr/wdt.h **** 			[WDVALUE] "r" ((uint8_t)((value & 0x08 ? _WD_PS3_MASK : 0x00)
 304:/usr/lib/avr/include/avr/wdt.h **** 				| _BV(WDE) | (value & 0x07) ))
 305:/usr/lib/avr/include/avr/wdt.h **** 			: "r0"
 306:/usr/lib/avr/include/avr/wdt.h **** 			);
 307:/usr/lib/avr/include/avr/wdt.h **** 	}
 308:/usr/lib/avr/include/avr/wdt.h **** }
 309:/usr/lib/avr/include/avr/wdt.h **** 
 310:/usr/lib/avr/include/avr/wdt.h **** static __inline__
 311:/usr/lib/avr/include/avr/wdt.h **** __attribute__ ((__always_inline__))
 312:/usr/lib/avr/include/avr/wdt.h **** void wdt_disable (void)
 313:/usr/lib/avr/include/avr/wdt.h **** {
 314:/usr/lib/avr/include/avr/wdt.h **** 	if (!_SFR_IO_REG_P (CCP) && !_SFR_IO_REG_P(_WD_CONTROL_REG))
 315:/usr/lib/avr/include/avr/wdt.h **** 	{
 316:/usr/lib/avr/include/avr/wdt.h ****         uint8_t temp_wd;
 317:/usr/lib/avr/include/avr/wdt.h ****         __asm__ __volatile__ (
 318:/usr/lib/avr/include/avr/wdt.h **** 				"in __tmp_reg__,__SREG__" "\n\t"
 319:/usr/lib/avr/include/avr/wdt.h **** 				"cli" "\n\t"
 320:/usr/lib/avr/include/avr/wdt.h **** 				"wdr" "\n\t"
 321:/usr/lib/avr/include/avr/wdt.h **** 				"sts %[CCPADDRESS],%[SIGNATURE]" "\n\t"
 322:/usr/lib/avr/include/avr/wdt.h **** 				"lds %[TEMP_WD],%[WDTREG]" "\n\t"
 323:/usr/lib/avr/include/avr/wdt.h **** 				"cbr %[TEMP_WD],%[WDVALUE]" "\n\t"
 324:/usr/lib/avr/include/avr/wdt.h **** 				"sts %[WDTREG],%[TEMP_WD]" "\n\t"
 325:/usr/lib/avr/include/avr/wdt.h **** 				"out __SREG__,__tmp_reg__" "\n\t"
 326:/usr/lib/avr/include/avr/wdt.h **** 				: /*no output */
 327:/usr/lib/avr/include/avr/wdt.h **** 				: [CCPADDRESS] "n" (_SFR_MEM_ADDR(CCP)),
 328:/usr/lib/avr/include/avr/wdt.h **** 				[SIGNATURE] "r" ((uint8_t)0xD8),
 329:/usr/lib/avr/include/avr/wdt.h **** 				[WDTREG] "n" (_SFR_MEM_ADDR(_WD_CONTROL_REG)),
 330:/usr/lib/avr/include/avr/wdt.h **** 				[TEMP_WD] "d" (temp_wd),
 331:/usr/lib/avr/include/avr/wdt.h **** 				[WDVALUE] "n" (1 << WDE)
 332:/usr/lib/avr/include/avr/wdt.h **** 				: "r0"
 333:/usr/lib/avr/include/avr/wdt.h **** 				);
 334:/usr/lib/avr/include/avr/wdt.h **** 	}
 335:/usr/lib/avr/include/avr/wdt.h **** 	else if (!_SFR_IO_REG_P (CCP) && _SFR_IO_REG_P(_WD_CONTROL_REG))
 336:/usr/lib/avr/include/avr/wdt.h **** 	{
 337:/usr/lib/avr/include/avr/wdt.h ****         uint8_t temp_wd;
 338:/usr/lib/avr/include/avr/wdt.h ****         __asm__ __volatile__ (
 339:/usr/lib/avr/include/avr/wdt.h **** 				"in __tmp_reg__,__SREG__" "\n\t"
 340:/usr/lib/avr/include/avr/wdt.h **** 				"cli" "\n\t"
 341:/usr/lib/avr/include/avr/wdt.h **** 				"wdr" "\n\t"
 342:/usr/lib/avr/include/avr/wdt.h **** 				"sts %[CCPADDRESS],%[SIGNATURE]" "\n\t"
 343:/usr/lib/avr/include/avr/wdt.h **** 				"in %[TEMP_WD],%[WDTREG]" "\n\t"
 344:/usr/lib/avr/include/avr/wdt.h **** 				"cbr %[TEMP_WD],%[WDVALUE]" "\n\t"
 345:/usr/lib/avr/include/avr/wdt.h **** 				"out %[WDTREG],%[TEMP_WD]" "\n\t"
 346:/usr/lib/avr/include/avr/wdt.h **** 				"out __SREG__,__tmp_reg__" "\n\t"
 347:/usr/lib/avr/include/avr/wdt.h **** 				: /*no output */
 348:/usr/lib/avr/include/avr/wdt.h **** 				: [CCPADDRESS] "n" (_SFR_MEM_ADDR(CCP)),
 349:/usr/lib/avr/include/avr/wdt.h **** 				[SIGNATURE] "r" ((uint8_t)0xD8),
 350:/usr/lib/avr/include/avr/wdt.h **** 				[WDTREG] "I" (_SFR_IO_ADDR(_WD_CONTROL_REG)),
 351:/usr/lib/avr/include/avr/wdt.h **** 				[TEMP_WD] "d" (temp_wd),
 352:/usr/lib/avr/include/avr/wdt.h **** 				[WDVALUE] "n" (1 << WDE)
 353:/usr/lib/avr/include/avr/wdt.h **** 				: "r0"
 354:/usr/lib/avr/include/avr/wdt.h **** 				);
 355:/usr/lib/avr/include/avr/wdt.h **** 	}
 356:/usr/lib/avr/include/avr/wdt.h **** 	else if (_SFR_IO_REG_P (CCP) && !_SFR_IO_REG_P(_WD_CONTROL_REG))
 357:/usr/lib/avr/include/avr/wdt.h **** 	{
 358:/usr/lib/avr/include/avr/wdt.h ****         uint8_t temp_wd;
 359:/usr/lib/avr/include/avr/wdt.h ****         __asm__ __volatile__ (
 360:/usr/lib/avr/include/avr/wdt.h **** 				"in __tmp_reg__,__SREG__" "\n\t"
 361:/usr/lib/avr/include/avr/wdt.h **** 				"cli" "\n\t"
 362:/usr/lib/avr/include/avr/wdt.h **** 				"wdr" "\n\t"
 363:/usr/lib/avr/include/avr/wdt.h **** 				"out %[CCPADDRESS],%[SIGNATURE]" "\n\t"
 364:/usr/lib/avr/include/avr/wdt.h **** 				"lds %[TEMP_WD],%[WDTREG]" "\n\t"
 365:/usr/lib/avr/include/avr/wdt.h **** 				"cbr %[TEMP_WD],%[WDVALUE]" "\n\t"
 366:/usr/lib/avr/include/avr/wdt.h **** 				"sts %[WDTREG],%[TEMP_WD]" "\n\t"
 367:/usr/lib/avr/include/avr/wdt.h **** 				"out __SREG__,__tmp_reg__" "\n\t"
 368:/usr/lib/avr/include/avr/wdt.h **** 				: /*no output */
 369:/usr/lib/avr/include/avr/wdt.h **** 				: [CCPADDRESS] "I" (_SFR_IO_ADDR(CCP)),
 370:/usr/lib/avr/include/avr/wdt.h **** 				[SIGNATURE] "r" ((uint8_t)0xD8),
 371:/usr/lib/avr/include/avr/wdt.h **** 				[WDTREG] "n" (_SFR_MEM_ADDR(_WD_CONTROL_REG)),
 372:/usr/lib/avr/include/avr/wdt.h **** 				[TEMP_WD] "d" (temp_wd),
 373:/usr/lib/avr/include/avr/wdt.h **** 				[WDVALUE] "n" (1 << WDE)
 374:/usr/lib/avr/include/avr/wdt.h **** 				: "r0"
 375:/usr/lib/avr/include/avr/wdt.h **** 				);
 376:/usr/lib/avr/include/avr/wdt.h **** 	}
 377:/usr/lib/avr/include/avr/wdt.h **** 	else
 378:/usr/lib/avr/include/avr/wdt.h **** 	{
 379:/usr/lib/avr/include/avr/wdt.h ****         uint8_t temp_wd;
 380:/usr/lib/avr/include/avr/wdt.h ****         __asm__ __volatile__ (
 381:/usr/lib/avr/include/avr/wdt.h **** 				"in __tmp_reg__,__SREG__" "\n\t"
 382:/usr/lib/avr/include/avr/wdt.h **** 				"cli" "\n\t"
 383:/usr/lib/avr/include/avr/wdt.h **** 				"wdr" "\n\t"
 384:/usr/lib/avr/include/avr/wdt.h **** 				"out %[CCPADDRESS],%[SIGNATURE]" "\n\t"
 385:/usr/lib/avr/include/avr/wdt.h **** 				"in %[TEMP_WD],%[WDTREG]" "\n\t"
 386:/usr/lib/avr/include/avr/wdt.h **** 				"cbr %[TEMP_WD],%[WDVALUE]" "\n\t"
 387:/usr/lib/avr/include/avr/wdt.h **** 				"out %[WDTREG],%[TEMP_WD]" "\n\t"
 388:/usr/lib/avr/include/avr/wdt.h **** 				"out __SREG__,__tmp_reg__" "\n\t"
 389:/usr/lib/avr/include/avr/wdt.h **** 				: /*no output */
 390:/usr/lib/avr/include/avr/wdt.h **** 				: [CCPADDRESS] "I" (_SFR_IO_ADDR(CCP)),
 391:/usr/lib/avr/include/avr/wdt.h **** 				[SIGNATURE] "r" ((uint8_t)0xD8),
 392:/usr/lib/avr/include/avr/wdt.h **** 				[WDTREG] "I" (_SFR_IO_ADDR(_WD_CONTROL_REG)),
 393:/usr/lib/avr/include/avr/wdt.h **** 				[TEMP_WD] "d" (temp_wd),
 394:/usr/lib/avr/include/avr/wdt.h **** 				[WDVALUE] "n" (1 << WDE)
 395:/usr/lib/avr/include/avr/wdt.h **** 				: "r0"
 396:/usr/lib/avr/include/avr/wdt.h **** 				);
 397:/usr/lib/avr/include/avr/wdt.h **** 	}
 398:/usr/lib/avr/include/avr/wdt.h **** }
 399:/usr/lib/avr/include/avr/wdt.h **** 
 400:/usr/lib/avr/include/avr/wdt.h **** #else
 401:/usr/lib/avr/include/avr/wdt.h **** 
 402:/usr/lib/avr/include/avr/wdt.h **** static __inline__
 403:/usr/lib/avr/include/avr/wdt.h **** __attribute__ ((__always_inline__))
 404:/usr/lib/avr/include/avr/wdt.h **** void wdt_enable (const uint8_t value)
 405:/usr/lib/avr/include/avr/wdt.h **** {
 406:/usr/lib/avr/include/avr/wdt.h **** 	if (_SFR_IO_REG_P (_WD_CONTROL_REG))
 407:/usr/lib/avr/include/avr/wdt.h **** 	{
 408:/usr/lib/avr/include/avr/wdt.h **** 		__asm__ __volatile__ (
 409:/usr/lib/avr/include/avr/wdt.h **** 				"in __tmp_reg__,__SREG__" "\n\t"
 410:/usr/lib/avr/include/avr/wdt.h **** 				"cli" "\n\t"
 411:/usr/lib/avr/include/avr/wdt.h **** 				"wdr" "\n\t"
 412:/usr/lib/avr/include/avr/wdt.h **** 				"out %0, %1" "\n\t"
 413:/usr/lib/avr/include/avr/wdt.h **** 				"out __SREG__,__tmp_reg__" "\n\t"
 414:/usr/lib/avr/include/avr/wdt.h **** 				"out %0, %2" "\n \t"
 415:/usr/lib/avr/include/avr/wdt.h **** 				: /* no outputs */
 416:/usr/lib/avr/include/avr/wdt.h **** 				: "I" (_SFR_IO_ADDR(_WD_CONTROL_REG)),
 417:/usr/lib/avr/include/avr/wdt.h **** 				"r" ((uint8_t)(_BV(_WD_CHANGE_BIT) | _BV(WDE))),
 418:/usr/lib/avr/include/avr/wdt.h **** 				"r" ((uint8_t) ((value & 0x08 ? _WD_PS3_MASK : 0x00) |
 419:/usr/lib/avr/include/avr/wdt.h **** 						_BV(WDE) | (value & 0x07)) )
 420:/usr/lib/avr/include/avr/wdt.h **** 				: "r0"
 421:/usr/lib/avr/include/avr/wdt.h **** 		);
 422:/usr/lib/avr/include/avr/wdt.h **** 	}
 423:/usr/lib/avr/include/avr/wdt.h **** 	else
 424:/usr/lib/avr/include/avr/wdt.h **** 	{
 425:/usr/lib/avr/include/avr/wdt.h **** 		__asm__ __volatile__ (
  59               		.loc 3 425 0
  60 002e 9CE0      		ldi r25,lo8(12)
  61 0030 88E1      		ldi r24,lo8(24)
  62               	/* #APP */
  63               	 ;  425 "/usr/lib/avr/include/avr/wdt.h" 1
  64 0032 0FB6      		in __tmp_reg__,__SREG__
  65 0034 F894      		cli
  66 0036 A895      		wdr
  67 0038 8093 6000 		sts 96, r24
  68 003c 0FBE      		out __SREG__,__tmp_reg__
  69 003e 9093 6000 		sts 96, r25
  70               	 	
  71               	 ;  0 "" 2
  72               	/* #NOAPP */
  73               	.L2:
  74               	.LBE12:
  75               	.LBE11:
  92:../tmk_core/common/avr/bootloader.c ****     wdt_enable(WDTO_250MS);
  93:../tmk_core/common/avr/bootloader.c ****     for (;;);
  76               		.loc 1 93 0 discriminator 1
  77 0042 00C0      		rjmp .L2
  78               		.cfi_endproc
  79               	.LFE102:
  81               		.section	.init3,"ax",@progbits
  82               	.global	bootloader_jump_after_watchdog_reset
  84               	bootloader_jump_after_watchdog_reset:
  85               	.LFB103:
  94:../tmk_core/common/avr/bootloader.c **** }
  95:../tmk_core/common/avr/bootloader.c **** 
  96:../tmk_core/common/avr/bootloader.c **** 
  97:../tmk_core/common/avr/bootloader.c **** /* this runs before main() */
  98:../tmk_core/common/avr/bootloader.c **** void bootloader_jump_after_watchdog_reset(void) __attribute__ ((used, naked, section (".init3")));
  99:../tmk_core/common/avr/bootloader.c **** void bootloader_jump_after_watchdog_reset(void)
 100:../tmk_core/common/avr/bootloader.c **** {
  86               		.loc 1 100 0
  87               		.cfi_startproc
  88               	/* prologue: naked */
  89               	/* frame size = 0 */
  90               	/* stack size = 0 */
  91               	.L__stack_usage = 0
 101:../tmk_core/common/avr/bootloader.c ****     if ((MCUSR & (1<<WDRF)) && reset_key == BOOTLOADER_RESET_KEY) {
  92               		.loc 1 101 0
  93 0000 04B6      		in __tmp_reg__,0x34
  94 0002 03FE      		sbrs __tmp_reg__,3
  95 0004 00C0      		rjmp .L4
  96               		.loc 1 101 0 is_stmt 0 discriminator 1
  97 0006 8091 0000 		lds r24,reset_key
  98 000a 9091 0000 		lds r25,reset_key+1
  99 000e A091 0000 		lds r26,reset_key+2
 100 0012 B091 0000 		lds r27,reset_key+3
 101 0016 8730      		cpi r24,7
 102 0018 904B      		sbci r25,-80
 103 001a A740      		sbci r26,7
 104 001c B04B      		sbci r27,-80
 105 001e 01F4      		brne .L4
 102:../tmk_core/common/avr/bootloader.c ****         reset_key = 0;
 106               		.loc 1 102 0 is_stmt 1
 107 0020 1092 0000 		sts reset_key,__zero_reg__
 108 0024 1092 0000 		sts reset_key+1,__zero_reg__
 109 0028 1092 0000 		sts reset_key+2,__zero_reg__
 110 002c 1092 0000 		sts reset_key+3,__zero_reg__
 103:../tmk_core/common/avr/bootloader.c **** 
 104:../tmk_core/common/avr/bootloader.c ****         // My custom USBasploader requires this to come up.
 105:../tmk_core/common/avr/bootloader.c ****         MCUSR = 0;
 111               		.loc 1 105 0
 112 0030 14BE      		out 0x34,__zero_reg__
 106:../tmk_core/common/avr/bootloader.c **** 
 107:../tmk_core/common/avr/bootloader.c ****         // Seems like Teensy halfkay loader requires clearing WDRF and disabling watchdog.
 108:../tmk_core/common/avr/bootloader.c ****         MCUSR &= ~(1<<WDRF);
 113               		.loc 1 108 0
 114 0032 84B7      		in r24,0x34
 115 0034 877F      		andi r24,lo8(-9)
 116 0036 84BF      		out 0x34,r24
 117               	.LBB13:
 118               	.LBB14:
 426:/usr/lib/avr/include/avr/wdt.h **** 				"in __tmp_reg__,__SREG__" "\n\t"
 427:/usr/lib/avr/include/avr/wdt.h **** 				"cli" "\n\t"
 428:/usr/lib/avr/include/avr/wdt.h **** 				"wdr" "\n\t"
 429:/usr/lib/avr/include/avr/wdt.h **** 				"sts %0, %1" "\n\t"
 430:/usr/lib/avr/include/avr/wdt.h **** 				"out __SREG__,__tmp_reg__" "\n\t"
 431:/usr/lib/avr/include/avr/wdt.h **** 				"sts %0, %2" "\n \t"
 432:/usr/lib/avr/include/avr/wdt.h **** 				: /* no outputs */
 433:/usr/lib/avr/include/avr/wdt.h **** 				: "n" (_SFR_MEM_ADDR(_WD_CONTROL_REG)),
 434:/usr/lib/avr/include/avr/wdt.h **** 				"r" ((uint8_t)(_BV(_WD_CHANGE_BIT) | _BV(WDE))),
 435:/usr/lib/avr/include/avr/wdt.h **** 				"r" ((uint8_t) ((value & 0x08 ? _WD_PS3_MASK : 0x00) |
 436:/usr/lib/avr/include/avr/wdt.h **** 						_BV(WDE) | (value & 0x07)) )
 437:/usr/lib/avr/include/avr/wdt.h **** 				: "r0"
 438:/usr/lib/avr/include/avr/wdt.h **** 		);
 439:/usr/lib/avr/include/avr/wdt.h **** 	}
 440:/usr/lib/avr/include/avr/wdt.h **** }
 441:/usr/lib/avr/include/avr/wdt.h **** 
 442:/usr/lib/avr/include/avr/wdt.h **** static __inline__
 443:/usr/lib/avr/include/avr/wdt.h **** __attribute__ ((__always_inline__))
 444:/usr/lib/avr/include/avr/wdt.h **** void wdt_disable (void)
 445:/usr/lib/avr/include/avr/wdt.h **** {
 446:/usr/lib/avr/include/avr/wdt.h **** 	if (_SFR_IO_REG_P (_WD_CONTROL_REG))
 447:/usr/lib/avr/include/avr/wdt.h **** 	{
 448:/usr/lib/avr/include/avr/wdt.h ****         uint8_t register temp_reg;
 449:/usr/lib/avr/include/avr/wdt.h **** 		__asm__ __volatile__ (
 450:/usr/lib/avr/include/avr/wdt.h **** 				"in __tmp_reg__,__SREG__"    "\n\t"
 451:/usr/lib/avr/include/avr/wdt.h **** 				"cli"                        "\n\t"
 452:/usr/lib/avr/include/avr/wdt.h **** 				"wdr"                        "\n\t"
 453:/usr/lib/avr/include/avr/wdt.h **** 				"in  %[TEMPREG],%[WDTREG]"   "\n\t"
 454:/usr/lib/avr/include/avr/wdt.h **** 				"ori %[TEMPREG],%[WDCE_WDE]" "\n\t"
 455:/usr/lib/avr/include/avr/wdt.h **** 				"out %[WDTREG],%[TEMPREG]"   "\n\t"
 456:/usr/lib/avr/include/avr/wdt.h **** 				"out %[WDTREG],__zero_reg__" "\n\t"
 457:/usr/lib/avr/include/avr/wdt.h **** 				"out __SREG__,__tmp_reg__"   "\n\t"
 458:/usr/lib/avr/include/avr/wdt.h **** 				: [TEMPREG] "=d" (temp_reg)
 459:/usr/lib/avr/include/avr/wdt.h **** 				: [WDTREG]  "I"  (_SFR_IO_ADDR(_WD_CONTROL_REG)),
 460:/usr/lib/avr/include/avr/wdt.h **** 				[WDCE_WDE]  "n"  ((uint8_t)(_BV(_WD_CHANGE_BIT) | _BV(WDE)))
 461:/usr/lib/avr/include/avr/wdt.h **** 				: "r0"
 462:/usr/lib/avr/include/avr/wdt.h **** 		);
 463:/usr/lib/avr/include/avr/wdt.h **** 	}
 464:/usr/lib/avr/include/avr/wdt.h **** 	else
 465:/usr/lib/avr/include/avr/wdt.h **** 	{
 466:/usr/lib/avr/include/avr/wdt.h ****         uint8_t register temp_reg;
 467:/usr/lib/avr/include/avr/wdt.h **** 		__asm__ __volatile__ (
 119               		.loc 3 467 0
 120               	/* #APP */
 121               	 ;  467 "/usr/lib/avr/include/avr/wdt.h" 1
 122 0038 0FB6      		in __tmp_reg__,__SREG__
 123 003a F894      		cli
 124 003c A895      		wdr
 125 003e 8091 6000 		lds r24,96
 126 0042 8861      		ori r24,24
 127 0044 8093 6000 		sts 96,r24
 128 0048 1092 6000 		sts 96,__zero_reg__
 129 004c 0FBE      		out __SREG__,__tmp_reg__
 130               		
 131               	 ;  0 "" 2
 132               	.LVL3:
 133               	/* #NOAPP */
 134               	.LBE14:
 135               	.LBE13:
 109:../tmk_core/common/avr/bootloader.c ****         wdt_disable();
 110:../tmk_core/common/avr/bootloader.c **** 
 111:../tmk_core/common/avr/bootloader.c ****         // This is compled into 'icall', address should be in word unit, not byte.
 112:../tmk_core/common/avr/bootloader.c ****         ((void (*)(void))(BOOTLOADER_START/2))();
 136               		.loc 1 112 0
 137 004e E0E0      		ldi r30,0
 138 0050 F8E3      		ldi r31,lo8(56)
 139 0052 0995      		icall
 140               	.LVL4:
 141               	.L4:
 142               	/* epilogue start */
 113:../tmk_core/common/avr/bootloader.c ****     }
 114:../tmk_core/common/avr/bootloader.c **** }
 143               		.loc 1 114 0
 144               		.cfi_endproc
 145               	.LFE103:
 147               	.global	reset_key
 148               		.section	.noinit,"aw",@nobits
 151               	reset_key:
 152 0000 0000 0000 		.zero	4
 153               		.text
 154               	.Letext0:
 155               		.file 4 "/usr/lib/avr/include/stdint.h"
 156               		.file 5 "../tmk_core/protocol/lufa/LUFA-git/LUFA/Drivers/USB/Core/USBTask.h"
 157               		.file 6 "../tmk_core/protocol/lufa/LUFA-git/LUFA/Drivers/USB/Core/AVR8/USBController_AVR8.h"
DEFINED SYMBOLS
                            *ABS*:0000000000000000 bootloader.c
     /tmp/ccnWmomK.s:2      *ABS*:000000000000003e __SP_H__
     /tmp/ccnWmomK.s:3      *ABS*:000000000000003d __SP_L__
     /tmp/ccnWmomK.s:4      *ABS*:000000000000003f __SREG__
     /tmp/ccnWmomK.s:5      *ABS*:0000000000000000 __tmp_reg__
     /tmp/ccnWmomK.s:6      *ABS*:0000000000000001 __zero_reg__
     /tmp/ccnWmomK.s:13     .text.bootloader_jump:0000000000000000 bootloader_jump
     /tmp/ccnWmomK.s:151    .noinit:0000000000000000 reset_key
     /tmp/ccnWmomK.s:84     .init3:0000000000000000 bootloader_jump_after_watchdog_reset

UNDEFINED SYMBOLS
USB_Disable
