   1               		.file	"eeconfig.c"
   2               	__SP_H__ = 0x3e
   3               	__SP_L__ = 0x3d
   4               	__SREG__ = 0x3f
   5               	__tmp_reg__ = 0
   6               	__zero_reg__ = 1
   7               		.text
   8               	.Ltext0:
   9               		.cfi_sections	.debug_frame
  10               		.section	.text.eeconfig_init,"ax",@progbits
  11               	.global	eeconfig_init
  13               	eeconfig_init:
  14               	.LFB0:
  15               		.file 1 "../tmk_core/common/avr/eeconfig.c"
   1:../tmk_core/common/avr/eeconfig.c **** #include <stdint.h>
   2:../tmk_core/common/avr/eeconfig.c **** #include <stdbool.h>
   3:../tmk_core/common/avr/eeconfig.c **** #include <avr/eeprom.h>
   4:../tmk_core/common/avr/eeconfig.c **** #include "eeconfig.h"
   5:../tmk_core/common/avr/eeconfig.c **** 
   6:../tmk_core/common/avr/eeconfig.c **** void eeconfig_init(void)
   7:../tmk_core/common/avr/eeconfig.c **** {
  16               		.loc 1 7 0
  17               		.cfi_startproc
  18               	/* prologue: function */
  19               	/* frame size = 0 */
  20               	/* stack size = 0 */
  21               	.L__stack_usage = 0
   8:../tmk_core/common/avr/eeconfig.c ****     eeprom_write_word(EECONFIG_MAGIC,          EECONFIG_MAGIC_NUMBER);
  22               		.loc 1 8 0
  23 0000 6DEE      		ldi r22,lo8(-19)
  24 0002 7EEF      		ldi r23,lo8(-2)
  25 0004 80E0      		ldi r24,0
  26 0006 90E0      		ldi r25,0
  27 0008 0E94 0000 		call __eewr_word_m32u4
  28               	.LVL0:
   9:../tmk_core/common/avr/eeconfig.c ****     eeprom_write_byte(EECONFIG_DEBUG,          0);
  29               		.loc 1 9 0
  30 000c 60E0      		ldi r22,0
  31 000e 82E0      		ldi r24,lo8(2)
  32 0010 90E0      		ldi r25,0
  33 0012 0E94 0000 		call __eewr_byte_m32u4
  34               	.LVL1:
  10:../tmk_core/common/avr/eeconfig.c ****     eeprom_write_byte(EECONFIG_DEFAULT_LAYER,  0);
  35               		.loc 1 10 0
  36 0016 60E0      		ldi r22,0
  37 0018 83E0      		ldi r24,lo8(3)
  38 001a 90E0      		ldi r25,0
  39 001c 0E94 0000 		call __eewr_byte_m32u4
  40               	.LVL2:
  11:../tmk_core/common/avr/eeconfig.c ****     eeprom_write_byte(EECONFIG_KEYMAP,         0);
  41               		.loc 1 11 0
  42 0020 60E0      		ldi r22,0
  43 0022 84E0      		ldi r24,lo8(4)
  44 0024 90E0      		ldi r25,0
  45 0026 0E94 0000 		call __eewr_byte_m32u4
  46               	.LVL3:
  12:../tmk_core/common/avr/eeconfig.c ****     eeprom_write_byte(EECONFIG_MOUSEKEY_ACCEL, 0);
  47               		.loc 1 12 0
  48 002a 60E0      		ldi r22,0
  49 002c 85E0      		ldi r24,lo8(5)
  50 002e 90E0      		ldi r25,0
  51 0030 0C94 0000 		jmp __eewr_byte_m32u4
  52               	.LVL4:
  53               		.cfi_endproc
  54               	.LFE0:
  56               		.section	.text.eeconfig_enable,"ax",@progbits
  57               	.global	eeconfig_enable
  59               	eeconfig_enable:
  60               	.LFB1:
  13:../tmk_core/common/avr/eeconfig.c **** #ifdef BACKLIGHT_ENABLE
  14:../tmk_core/common/avr/eeconfig.c ****     eeprom_write_byte(EECONFIG_BACKLIGHT,      0);
  15:../tmk_core/common/avr/eeconfig.c **** #endif
  16:../tmk_core/common/avr/eeconfig.c **** }
  17:../tmk_core/common/avr/eeconfig.c **** 
  18:../tmk_core/common/avr/eeconfig.c **** void eeconfig_enable(void)
  19:../tmk_core/common/avr/eeconfig.c **** {
  61               		.loc 1 19 0
  62               		.cfi_startproc
  63               	/* prologue: function */
  64               	/* frame size = 0 */
  65               	/* stack size = 0 */
  66               	.L__stack_usage = 0
  20:../tmk_core/common/avr/eeconfig.c ****     eeprom_write_word(EECONFIG_MAGIC, EECONFIG_MAGIC_NUMBER);
  67               		.loc 1 20 0
  68 0000 6DEE      		ldi r22,lo8(-19)
  69 0002 7EEF      		ldi r23,lo8(-2)
  70 0004 80E0      		ldi r24,0
  71 0006 90E0      		ldi r25,0
  72 0008 0C94 0000 		jmp __eewr_word_m32u4
  73               	.LVL5:
  74               		.cfi_endproc
  75               	.LFE1:
  77               		.section	.text.eeconfig_disable,"ax",@progbits
  78               	.global	eeconfig_disable
  80               	eeconfig_disable:
  81               	.LFB2:
  21:../tmk_core/common/avr/eeconfig.c **** }
  22:../tmk_core/common/avr/eeconfig.c **** 
  23:../tmk_core/common/avr/eeconfig.c **** void eeconfig_disable(void)
  24:../tmk_core/common/avr/eeconfig.c **** {
  82               		.loc 1 24 0
  83               		.cfi_startproc
  84               	/* prologue: function */
  85               	/* frame size = 0 */
  86               	/* stack size = 0 */
  87               	.L__stack_usage = 0
  25:../tmk_core/common/avr/eeconfig.c ****     eeprom_write_word(EECONFIG_MAGIC, 0xFFFF);
  88               		.loc 1 25 0
  89 0000 6FEF      		ldi r22,lo8(-1)
  90 0002 7FEF      		ldi r23,lo8(-1)
  91 0004 80E0      		ldi r24,0
  92 0006 90E0      		ldi r25,0
  93 0008 0C94 0000 		jmp __eewr_word_m32u4
  94               	.LVL6:
  95               		.cfi_endproc
  96               	.LFE2:
  98               		.section	.text.eeconfig_is_enabled,"ax",@progbits
  99               	.global	eeconfig_is_enabled
 101               	eeconfig_is_enabled:
 102               	.LFB3:
  26:../tmk_core/common/avr/eeconfig.c **** }
  27:../tmk_core/common/avr/eeconfig.c **** 
  28:../tmk_core/common/avr/eeconfig.c **** bool eeconfig_is_enabled(void)
  29:../tmk_core/common/avr/eeconfig.c **** {
 103               		.loc 1 29 0
 104               		.cfi_startproc
 105               	/* prologue: function */
 106               	/* frame size = 0 */
 107               	/* stack size = 0 */
 108               	.L__stack_usage = 0
  30:../tmk_core/common/avr/eeconfig.c ****     return (eeprom_read_word(EECONFIG_MAGIC) == EECONFIG_MAGIC_NUMBER);
 109               		.loc 1 30 0
 110 0000 80E0      		ldi r24,0
 111 0002 90E0      		ldi r25,0
 112 0004 0E94 0000 		call __eerd_word_m32u4
 113               	.LVL7:
 114 0008 21E0      		ldi r18,lo8(1)
 115 000a 8D3E      		cpi r24,-19
 116 000c 9E4F      		sbci r25,-2
 117 000e 01F0      		breq .L5
 118 0010 20E0      		ldi r18,0
 119               	.L5:
  31:../tmk_core/common/avr/eeconfig.c **** }
 120               		.loc 1 31 0
 121 0012 822F      		mov r24,r18
 122 0014 0895      		ret
 123               		.cfi_endproc
 124               	.LFE3:
 126               		.section	.text.eeconfig_read_debug,"ax",@progbits
 127               	.global	eeconfig_read_debug
 129               	eeconfig_read_debug:
 130               	.LFB4:
  32:../tmk_core/common/avr/eeconfig.c **** 
  33:../tmk_core/common/avr/eeconfig.c **** uint8_t eeconfig_read_debug(void)      { return eeprom_read_byte(EECONFIG_DEBUG); }
 131               		.loc 1 33 0
 132               		.cfi_startproc
 133               	/* prologue: function */
 134               	/* frame size = 0 */
 135               	/* stack size = 0 */
 136               	.L__stack_usage = 0
 137               		.loc 1 33 0
 138 0000 82E0      		ldi r24,lo8(2)
 139 0002 90E0      		ldi r25,0
 140 0004 0C94 0000 		jmp __eerd_byte_m32u4
 141               	.LVL8:
 142               		.cfi_endproc
 143               	.LFE4:
 145               		.section	.text.eeconfig_write_debug,"ax",@progbits
 146               	.global	eeconfig_write_debug
 148               	eeconfig_write_debug:
 149               	.LFB5:
  34:../tmk_core/common/avr/eeconfig.c **** void eeconfig_write_debug(uint8_t val) { eeprom_write_byte(EECONFIG_DEBUG, val); }
 150               		.loc 1 34 0
 151               		.cfi_startproc
 152               	.LVL9:
 153               	/* prologue: function */
 154               	/* frame size = 0 */
 155               	/* stack size = 0 */
 156               	.L__stack_usage = 0
 157               		.loc 1 34 0
 158 0000 682F      		mov r22,r24
 159 0002 82E0      		ldi r24,lo8(2)
 160 0004 90E0      		ldi r25,0
 161               	.LVL10:
 162 0006 0C94 0000 		jmp __eewr_byte_m32u4
 163               	.LVL11:
 164               		.cfi_endproc
 165               	.LFE5:
 167               		.section	.text.eeconfig_read_default_layer,"ax",@progbits
 168               	.global	eeconfig_read_default_layer
 170               	eeconfig_read_default_layer:
 171               	.LFB6:
  35:../tmk_core/common/avr/eeconfig.c **** 
  36:../tmk_core/common/avr/eeconfig.c **** uint8_t eeconfig_read_default_layer(void)      { return eeprom_read_byte(EECONFIG_DEFAULT_LAYER); }
 172               		.loc 1 36 0
 173               		.cfi_startproc
 174               	/* prologue: function */
 175               	/* frame size = 0 */
 176               	/* stack size = 0 */
 177               	.L__stack_usage = 0
 178               		.loc 1 36 0
 179 0000 83E0      		ldi r24,lo8(3)
 180 0002 90E0      		ldi r25,0
 181 0004 0C94 0000 		jmp __eerd_byte_m32u4
 182               	.LVL12:
 183               		.cfi_endproc
 184               	.LFE6:
 186               		.section	.text.eeconfig_write_default_layer,"ax",@progbits
 187               	.global	eeconfig_write_default_layer
 189               	eeconfig_write_default_layer:
 190               	.LFB7:
  37:../tmk_core/common/avr/eeconfig.c **** void eeconfig_write_default_layer(uint8_t val) { eeprom_write_byte(EECONFIG_DEFAULT_LAYER, val); }
 191               		.loc 1 37 0
 192               		.cfi_startproc
 193               	.LVL13:
 194               	/* prologue: function */
 195               	/* frame size = 0 */
 196               	/* stack size = 0 */
 197               	.L__stack_usage = 0
 198               		.loc 1 37 0
 199 0000 682F      		mov r22,r24
 200 0002 83E0      		ldi r24,lo8(3)
 201 0004 90E0      		ldi r25,0
 202               	.LVL14:
 203 0006 0C94 0000 		jmp __eewr_byte_m32u4
 204               	.LVL15:
 205               		.cfi_endproc
 206               	.LFE7:
 208               		.section	.text.eeconfig_read_keymap,"ax",@progbits
 209               	.global	eeconfig_read_keymap
 211               	eeconfig_read_keymap:
 212               	.LFB8:
  38:../tmk_core/common/avr/eeconfig.c **** 
  39:../tmk_core/common/avr/eeconfig.c **** uint8_t eeconfig_read_keymap(void)      { return eeprom_read_byte(EECONFIG_KEYMAP); }
 213               		.loc 1 39 0
 214               		.cfi_startproc
 215               	/* prologue: function */
 216               	/* frame size = 0 */
 217               	/* stack size = 0 */
 218               	.L__stack_usage = 0
 219               		.loc 1 39 0
 220 0000 84E0      		ldi r24,lo8(4)
 221 0002 90E0      		ldi r25,0
 222 0004 0C94 0000 		jmp __eerd_byte_m32u4
 223               	.LVL16:
 224               		.cfi_endproc
 225               	.LFE8:
 227               		.section	.text.eeconfig_write_keymap,"ax",@progbits
 228               	.global	eeconfig_write_keymap
 230               	eeconfig_write_keymap:
 231               	.LFB9:
  40:../tmk_core/common/avr/eeconfig.c **** void eeconfig_write_keymap(uint8_t val) { eeprom_write_byte(EECONFIG_KEYMAP, val); }
 232               		.loc 1 40 0
 233               		.cfi_startproc
 234               	.LVL17:
 235               	/* prologue: function */
 236               	/* frame size = 0 */
 237               	/* stack size = 0 */
 238               	.L__stack_usage = 0
 239               		.loc 1 40 0
 240 0000 682F      		mov r22,r24
 241 0002 84E0      		ldi r24,lo8(4)
 242 0004 90E0      		ldi r25,0
 243               	.LVL18:
 244 0006 0C94 0000 		jmp __eewr_byte_m32u4
 245               	.LVL19:
 246               		.cfi_endproc
 247               	.LFE9:
 249               		.text
 250               	.Letext0:
 251               		.file 2 "/usr/local/Cellar/avr-gcc/4.9.3/avr/include/stdint.h"
 252               		.file 3 "/usr/local/Cellar/avr-gcc/4.9.3/avr/include/avr/eeprom.h"
DEFINED SYMBOLS
                            *ABS*:0000000000000000 eeconfig.c
/var/folders/w_/62ddyc51061dt7n8j2r43p_c0000gn/T//ccDoWceD.s:2      *ABS*:000000000000003e __SP_H__
/var/folders/w_/62ddyc51061dt7n8j2r43p_c0000gn/T//ccDoWceD.s:3      *ABS*:000000000000003d __SP_L__
/var/folders/w_/62ddyc51061dt7n8j2r43p_c0000gn/T//ccDoWceD.s:4      *ABS*:000000000000003f __SREG__
/var/folders/w_/62ddyc51061dt7n8j2r43p_c0000gn/T//ccDoWceD.s:5      *ABS*:0000000000000000 __tmp_reg__
/var/folders/w_/62ddyc51061dt7n8j2r43p_c0000gn/T//ccDoWceD.s:6      *ABS*:0000000000000001 __zero_reg__
/var/folders/w_/62ddyc51061dt7n8j2r43p_c0000gn/T//ccDoWceD.s:13     .text.eeconfig_init:0000000000000000 eeconfig_init
/var/folders/w_/62ddyc51061dt7n8j2r43p_c0000gn/T//ccDoWceD.s:59     .text.eeconfig_enable:0000000000000000 eeconfig_enable
/var/folders/w_/62ddyc51061dt7n8j2r43p_c0000gn/T//ccDoWceD.s:80     .text.eeconfig_disable:0000000000000000 eeconfig_disable
/var/folders/w_/62ddyc51061dt7n8j2r43p_c0000gn/T//ccDoWceD.s:101    .text.eeconfig_is_enabled:0000000000000000 eeconfig_is_enabled
/var/folders/w_/62ddyc51061dt7n8j2r43p_c0000gn/T//ccDoWceD.s:129    .text.eeconfig_read_debug:0000000000000000 eeconfig_read_debug
/var/folders/w_/62ddyc51061dt7n8j2r43p_c0000gn/T//ccDoWceD.s:148    .text.eeconfig_write_debug:0000000000000000 eeconfig_write_debug
/var/folders/w_/62ddyc51061dt7n8j2r43p_c0000gn/T//ccDoWceD.s:170    .text.eeconfig_read_default_layer:0000000000000000 eeconfig_read_default_layer
/var/folders/w_/62ddyc51061dt7n8j2r43p_c0000gn/T//ccDoWceD.s:189    .text.eeconfig_write_default_layer:0000000000000000 eeconfig_write_default_layer
/var/folders/w_/62ddyc51061dt7n8j2r43p_c0000gn/T//ccDoWceD.s:211    .text.eeconfig_read_keymap:0000000000000000 eeconfig_read_keymap
/var/folders/w_/62ddyc51061dt7n8j2r43p_c0000gn/T//ccDoWceD.s:230    .text.eeconfig_write_keymap:0000000000000000 eeconfig_write_keymap

UNDEFINED SYMBOLS
__eewr_word_m32u4
__eewr_byte_m32u4
__eerd_word_m32u4
__eerd_byte_m32u4
